2025-06-29 10:11:01,082 - INFO - No Root CA present, it will not be possible to use a secure connection!
2025-06-29 10:11:01,082 - INFO - Establishing insecure channel
2025-06-29 10:11:01,101 - INFO - Connection Established
2025-06-29 12:36:44,072 - INFO - No Root CA present, it will not be possible to use a secure connection!
2025-06-29 12:36:44,073 - INFO - Establishing insecure channel
2025-06-29 12:36:44,099 - INFO - Connection Established
2025-06-29 12:58:38,744 - INFO - No Root CA present, it will not be possible to use a secure connection!
2025-06-29 12:58:38,744 - INFO - Establishing insecure channel
2025-06-29 12:58:38,771 - INFO - Connection Established
2025-06-29 13:00:18,915 - INFO - No Root CA present, it will not be possible to use a secure connection!
2025-06-29 13:00:18,917 - INFO - Establishing insecure channel
2025-06-29 13:00:18,943 - INFO - Connection Established
2025-06-29 13:15:08,104 - INFO - No Root CA present, it will not be possible to use a secure connection!
2025-06-29 13:15:08,104 - INFO - Establishing insecure channel
2025-06-29 13:15:08,132 - INFO - Connection Established
2025-06-29 13:16:57,368 - INFO - No Root CA present, it will not be possible to use a secure connection!
2025-06-29 13:16:57,369 - INFO - Establishing insecure channel
2025-06-29 13:16:57,397 - INFO - Connection Established
2025-06-29 13:18:09,166 - INFO - No Root CA present, it will not be possible to use a secure connection!
2025-06-29 13:18:09,166 - INFO - Establishing insecure channel
2025-06-29 13:18:09,193 - INFO - Connection Established
2025-06-29 13:19:37,054 - INFO - No Root CA present, it will not be possible to use a secure connection!
2025-06-29 13:19:37,055 - INFO - Establishing insecure channel
2025-06-29 13:19:37,084 - INFO - Connection Established
2025-06-29 13:20:38,177 - INFO - No Root CA present, it will not be possible to use a secure connection!
2025-06-29 13:20:38,177 - INFO - Establishing insecure channel
2025-06-29 13:20:38,204 - INFO - Connection Established
2025-06-29 13:22:10,166 - INFO - No Root CA present, it will not be possible to use a secure connection!
2025-06-29 13:22:10,166 - INFO - Establishing insecure channel
2025-06-29 13:22:10,186 - INFO - Connection Established
2025-06-29 13:23:00,183 - INFO - No Root CA present, it will not be possible to use a secure connection!
2025-06-29 13:23:00,183 - INFO - Establishing insecure channel
2025-06-29 13:23:00,206 - INFO - Connection Established
2025-06-29 13:24:01,106 - INFO - No Root CA present, it will not be possible to use a secure connection!
2025-06-29 13:24:01,107 - INFO - Establishing insecure channel
2025-06-29 13:24:01,133 - INFO - Connection Established
2025-06-29 13:26:41,406 - INFO - No Root CA present, it will not be possible to use a secure connection!
2025-06-29 13:26:41,407 - INFO - Establishing insecure channel
2025-06-29 13:26:41,433 - INFO - Connection Established
2025-06-29 14:56:41,250 - INFO - No Root CA present, it will not be possible to use a secure connection!
2025-06-29 14:56:41,250 - INFO - Establishing insecure channel
2025-06-29 14:56:41,277 - INFO - Connection Established
2025-06-29 15:24:03,939 - INFO - No Root CA present, it will not be possible to use a secure connection!
2025-06-29 15:24:03,940 - INFO - Establishing insecure channel
2025-06-29 15:24:03,968 - INFO - Connection Established
2025-06-29 15:25:07,057 - INFO - No Root CA present, it will not be possible to use a secure connection!
2025-06-29 15:25:07,057 - INFO - Establishing insecure channel
2025-06-29 15:25:07,084 - INFO - Connection Established
2025-06-29 15:30:27,172 - INFO - No Root CA present, it will not be possible to use a secure connection!
2025-06-29 15:30:27,172 - INFO - Establishing insecure channel
2025-06-29 15:30:27,198 - INFO - Connection Established
2025-06-29 15:34:21,437 - INFO - No Root CA present, it will not be possible to use a secure connection!
2025-06-29 15:34:21,437 - INFO - Establishing insecure channel
2025-06-29 15:34:21,461 - INFO - Connection Established
2025-06-29 15:36:26,660 - INFO - No Root CA present, it will not be possible to use a secure connection!
2025-06-29 15:36:26,661 - INFO - Establishing insecure channel
2025-06-29 15:36:26,683 - INFO - Connection Established
2025-06-29 15:43:21,930 - INFO - No Root CA present, it will not be possible to use a secure connection!
2025-06-29 15:43:21,931 - INFO - Establishing insecure channel
2025-06-29 15:43:21,957 - INFO - Connection Established
2025-06-29 15:47:35,849 - INFO - No Root CA present, it will not be possible to use a secure connection!
2025-06-29 15:47:35,849 - INFO - Establishing insecure channel
2025-06-29 15:47:35,875 - INFO - Connection Established
2025-06-29 15:48:23,888 - INFO - No Root CA present, it will not be possible to use a secure connection!
2025-06-29 15:48:23,889 - INFO - Establishing insecure channel
2025-06-29 15:48:23,915 - INFO - Connection Established
2025-06-29 15:56:26,574 - INFO - No Root CA present, it will not be possible to use a secure connection!
2025-06-29 15:56:26,574 - INFO - Establishing insecure channel
2025-06-29 15:56:26,615 - INFO - Connection Established
2025-06-29 15:59:42,976 - INFO - No Root CA present, it will not be possible to use a secure connection!
2025-06-29 15:59:42,977 - INFO - Establishing insecure channel
2025-06-29 15:59:43,004 - INFO - Connection Established
2025-06-29 18:32:30,909 - INFO - No Root CA present, it will not be possible to use a secure connection!
2025-06-29 18:32:30,909 - INFO - Establishing insecure channel
2025-06-29 18:32:30,934 - INFO - Connection Established
2025-06-29 18:34:32,114 - INFO - No Root CA present, it will not be possible to use a secure connection!
2025-06-29 18:34:32,114 - INFO - Establishing insecure channel
2025-06-29 18:34:32,139 - INFO - Connection Established
2025-06-29 18:49:32,451 - INFO - No Root CA present, it will not be possible to use a secure connection!
2025-06-29 18:49:32,452 - INFO - Establishing insecure channel
2025-06-29 18:49:32,478 - INFO - Connection Established
2025-06-29 19:17:48,663 - INFO - No Root CA present, it will not be possible to use a secure connection!
2025-06-29 19:17:48,663 - INFO - Establishing insecure channel
2025-06-29 19:17:48,689 - INFO - Connection Established
2025-06-29 19:18:34,099 - INFO - Connection Established
2025-06-29 19:56:56,937 - INFO - No Root CA present, it will not be possible to use a secure connection!
2025-06-29 19:56:56,937 - INFO - Establishing insecure channel
2025-06-29 19:56:56,963 - INFO - Connection Established
2025-06-29 19:58:03,048 - INFO - No Root CA present, it will not be possible to use a secure connection!
2025-06-29 19:58:03,048 - INFO - Establishing insecure channel
2025-06-29 19:58:03,075 - INFO - Connection Established
2025-06-29 20:00:09,629 - INFO - No Root CA present, it will not be possible to use a secure connection!
2025-06-29 20:00:09,630 - INFO - Establishing insecure channel
2025-06-29 20:00:09,652 - INFO - Connection Established
2025-06-29 20:02:18,551 - INFO - No Root CA present, it will not be possible to use a secure connection!
2025-06-29 20:02:18,552 - INFO - Establishing insecure channel
2025-06-29 20:02:18,574 - INFO - Connection Established
2025-06-29 20:06:44,773 - INFO - No Root CA present, it will not be possible to use a secure connection!
2025-06-29 20:06:44,773 - INFO - Establishing insecure channel
2025-06-29 20:06:44,798 - INFO - Connection Established
2025-06-29 20:31:37,891 - INFO - No Root CA present, it will not be possible to use a secure connection!
2025-06-29 20:31:37,891 - INFO - Establishing insecure channel
2025-06-29 20:31:37,916 - INFO - Connection Established
2025-06-29 20:51:07,430 - INFO - No Root CA present, it will not be possible to use a secure connection!
2025-06-29 20:51:07,431 - INFO - Establishing insecure channel
2025-06-29 20:51:07,458 - INFO - Connection Established
2025-06-29 20:51:16,099 - INFO - Connection Established
2025-06-29 20:52:59,033 - INFO - No Root CA present, it will not be possible to use a secure connection!
2025-06-29 20:52:59,034 - INFO - Establishing insecure channel
2025-06-29 20:52:59,064 - INFO - Connection Established
2025-06-29 20:54:46,475 - INFO - No Root CA present, it will not be possible to use a secure connection!
2025-06-29 20:54:46,475 - INFO - Establishing insecure channel
2025-06-29 20:54:46,501 - INFO - Connection Established
2025-06-29 21:07:06,925 - INFO - No Root CA present, it will not be possible to use a secure connection!
2025-06-29 21:07:06,925 - INFO - Establishing insecure channel
2025-06-29 21:07:06,953 - INFO - Connection Established
2025-06-29 21:12:51,078 - INFO - No Root CA present, it will not be possible to use a secure connection!
2025-06-29 21:12:51,079 - INFO - Establishing insecure channel
2025-06-29 21:12:51,100 - INFO - Connection Established
2025-06-30 00:04:18,086 - INFO - No Root CA present, it will not be possible to use a secure connection!
2025-06-30 00:04:18,087 - INFO - Establishing insecure channel
2025-06-30 00:04:18,112 - INFO - Connection Established
2025-06-30 00:05:59,471 - INFO - No Root CA present, it will not be possible to use a secure connection!
2025-06-30 00:05:59,471 - INFO - Establishing insecure channel
2025-06-30 00:05:59,497 - INFO - Connection Established
2025-06-30 00:15:27,153 - INFO - No Root CA present, it will not be possible to use a secure connection!
2025-06-30 00:15:27,153 - INFO - Establishing insecure channel
2025-06-30 00:15:27,182 - INFO - Connection Established
2025-06-30 00:30:15,282 - INFO - No Root CA present, it will not be possible to use a secure connection!
2025-06-30 00:30:15,282 - INFO - Establishing insecure channel
2025-06-30 00:30:15,299 - INFO - Connection Established
2025-06-30 00:56:03,433 - INFO - No Root CA present, it will not be possible to use a secure connection!
2025-06-30 00:56:03,433 - INFO - Establishing insecure channel
2025-06-30 00:56:03,458 - INFO - Connection Established
2025-06-30 01:05:48,631 - INFO - No Root CA present, it will not be possible to use a secure connection!
2025-06-30 01:05:48,631 - INFO - Establishing insecure channel
2025-06-30 01:05:48,658 - INFO - Connection Established
2025-06-30 01:06:28,006 - INFO - No Root CA present, it will not be possible to use a secure connection!
2025-06-30 01:06:28,006 - INFO - Establishing insecure channel
2025-06-30 01:06:28,027 - INFO - Connection Established
2025-06-30 01:06:40,611 - INFO - Connection Established
2025-06-30 01:12:57,755 - INFO - No Root CA present, it will not be possible to use a secure connection!
2025-06-30 01:12:57,756 - INFO - Establishing insecure channel
2025-06-30 01:12:57,781 - INFO - Connection Established
2025-06-30 01:19:21,300 - INFO - No Root CA present, it will not be possible to use a secure connection!
2025-06-30 01:19:21,300 - INFO - Establishing insecure channel
2025-06-30 01:19:21,327 - INFO - Connection Established
2025-06-30 01:36:18,422 - INFO - No Root CA present, it will not be possible to use a secure connection!
2025-06-30 01:36:18,423 - INFO - Establishing insecure channel
2025-06-30 01:36:18,449 - INFO - Connection Established
2025-06-30 01:50:28,354 - INFO - No Root CA present, it will not be possible to use a secure connection!
2025-06-30 01:50:28,355 - INFO - Establishing insecure channel
2025-06-30 01:50:28,383 - INFO - Connection Established
2025-06-30 10:40:34,776 - INFO - No Root CA present, it will not be possible to use a secure connection!
2025-06-30 10:40:34,777 - INFO - Establishing insecure channel
2025-06-30 10:40:34,910 - INFO - Connection Established
2025-06-30 10:41:47,225 - INFO - Connection Established
2025-06-30 10:42:03,003 - INFO - Connection Established
2025-06-30 15:38:31,598 - INFO - No Root CA present, it will not be possible to use a secure connection!
2025-06-30 15:38:31,598 - INFO - Establishing insecure channel
2025-06-30 15:39:13,002 - INFO - No Root CA present, it will not be possible to use a secure connection!
2025-06-30 15:39:13,002 - INFO - Establishing insecure channel
2025-07-02 10:40:46,492 - INFO - \U0001f4f1 Attempting to connect...
2025-07-02 10:40:46,495 - INFO - \u274c Invalid IP or Port. Please provide valid connection parameters.
2025-07-02 10:41:17,093 - INFO - \U0001f4f1 Attempting to connect...
2025-07-02 10:41:17,094 - INFO - \u274c Invalid IP or Port. Please provide valid connection parameters.
2025-07-02 10:41:20,807 - INFO - \U0001f4f1 Attempting to connect...
2025-07-02 10:41:20,807 - INFO - \u274c Invalid IP or Port. Please provide valid connection parameters.
2025-07-02 10:41:42,222 - INFO - \U0001f4f1 Attempting to connect...
2025-07-02 10:41:42,222 - INFO - \u274c Invalid IP or Port. Please provide valid connection parameters.
2025-07-02 10:41:56,251 - INFO - \U0001f4f1 Attempting to connect...
2025-07-02 10:41:56,251 - INFO - IP Address: 127.0.0.1
2025-07-02 10:41:56,252 - INFO - PORT: 55555
2025-07-02 10:41:56,252 - INFO - No Root CA present, it will not be possible to use a secure connection!
2025-07-02 10:41:56,252 - INFO - Establishing insecure channel
2025-07-02 10:41:58,335 - INFO - \u274c Connection failed: ({'code': 14, 'reason': 'unavailable', 'message': 'failed to connect to all addresses; last error: UNAVAILABLE: ipv4:127.0.0.1:55555: ConnectEx: Connection refused (No connection could be made because the target machine actively refused it.\r\n -- 10061)'}, [])
2025-07-02 10:41:58,335 - INFO - \u274c Connection failed
2025-07-02 10:41:58,336 - INFO - \u26a0\ufe0f Not connected.
2025-07-02 12:11:51,531 - INFO - \U0001f4f1 Attempting to connect...
2025-07-02 12:11:51,534 - INFO - IP Address: 127.0.0.1
2025-07-02 12:11:51,534 - INFO - PORT: 55555
2025-07-02 12:11:51,534 - INFO - No Root CA present, it will not be possible to use a secure connection!
2025-07-02 12:11:51,534 - INFO - Establishing insecure channel
2025-07-02 12:11:51,609 - INFO - \u2705 Connected to 127.0.0.1:55555
2025-07-02 12:11:51,609 - INFO - \u2705 Connection successful
2025-07-02 12:11:51,630 - INFO - \U0001f4e6 Total Signal Objects: 913
2025-07-02 12:11:51,630 - INFO - Connection Established
2025-07-02 12:31:38,095 - INFO - \U0001f4f1 Attempting to connect...
2025-07-02 12:31:38,095 - INFO - IP Address: 127.0.0.1
2025-07-02 12:31:38,095 - INFO - PORT: 55555
2025-07-02 12:31:38,096 - INFO - \u274c Connection failed: BaseVSSClient.__init__() got an unexpected keyword argument 'insecure'
2025-07-02 12:31:38,096 - INFO - \u274c Connection failed
2025-07-02 12:31:38,096 - INFO - \u26a0\ufe0f Not connected.
2025-07-02 12:31:44,708 - INFO - \U0001f4f1 Attempting to connect...
2025-07-02 12:31:44,708 - INFO - IP Address: 127.0.0.1
2025-07-02 12:31:44,708 - INFO - PORT: 55555
2025-07-02 12:31:44,709 - INFO - \u274c Connection failed: BaseVSSClient.__init__() got an unexpected keyword argument 'insecure'
2025-07-02 12:31:44,709 - INFO - \u274c Connection failed
2025-07-02 12:31:44,709 - INFO - \u26a0\ufe0f Not connected.
